{
  "RSpec": {
    "coverage": {
      "/Users/kareem/Projects/bookmark_challenge_toby/bookmark-challenge/spec/bookmark_spec.rb": [
        1,
        1,
        null,
        1,
        1,
        1,
        1,
        1,
        null,
        null,
        1,
        1,
        1,
        null,
        1,
        null,
        1,
        1,
        1,
        1,
        1,
        null,
        null,
        null,
        1,
        1,
        1,
        1,
        null,
        1,
        1,
        1,
        1,
        null,
        null,
        null
      ],
      "/Users/kareem/Projects/bookmark_challenge_toby/bookmark-challenge/spec/database_helpers.rb": [
        1,
        null,
        1,
        1,
        1,
        null,
        null
      ],
      "/Users/kareem/Projects/bookmark_challenge_toby/bookmark-challenge/spec/features/adding_bookmarks_spec.rb": [
        1,
        null,
        1,
        1,
        1,
        1,
        1,
        1,
        1,
        1,
        null,
        null
      ],
      "/Users/kareem/Projects/bookmark_challenge_toby/bookmark-challenge/spec/features/deleting_bookmarks_spec.rb": [
        1,
        1,
        1,
        1,
        1,
        0,
        0,
        0,
        null,
        null
      ],
      "/Users/kareem/Projects/bookmark_challenge_toby/bookmark-challenge/spec/features/viewing_bookmarks_spec.rb": [
        1,
        null,
        1,
        1,
        null,
        null,
        1,
        null,
        1,
        1,
        1,
        null,
        null
      ]
    },
    "timestamp": 1563291878
  }
}
