{
  "RSpec": {
    "coverage": {
      "/Users/student/bookmark-challenge/spec/bookmark_spec.rb": [
        1,
        null,
        1,
        2,
        1,
        1,
        1,
        1,
        1,
        null,
        null,
        null
      ],
      "/Users/student/bookmark-challenge/lib/bookmark.rb": [
        1,
        null,
        1,
        1,
        4,
        4,
        20,
        null,
        null
      ],
      "/Users/student/bookmark-challenge/spec/features/features_spec.rb": [
        1,
        1,
        1,
        1,
        1,
        null,
        null
      ]
    },
    "timestamp": 1563201010
  }
}
